2019/09/05 14:54:10 [INFO] Terraform version: 0.12.7  
2019/09/05 14:54:10 [INFO] Go runtime version: go1.12.8
2019/09/05 14:54:10 [INFO] CLI args: []string{"/usr/bin/terraform", "plan", "-var-file=terraform.scw.tfvars"}
2019/09/05 14:54:10 [DEBUG] Attempting to open CLI config file: /home/jantoth/.terraformrc
2019/09/05 14:54:10 [DEBUG] File doesn't exist, but doesn't need to. Ignoring.
2019/09/05 14:54:10 [INFO] CLI command args: []string{"plan", "-var-file=terraform.scw.tfvars"}
2019/09/05 14:54:10 [TRACE] Meta.Backend: no config given or present on disk, so returning nil config
2019/09/05 14:54:10 [TRACE] Meta.Backend: backend has not previously been initialized in this working directory
2019/09/05 14:54:10 [DEBUG] New state was assigned lineage "c45a9ada-64ef-7874-e874-e06124cb608a"
2019/09/05 14:54:10 [TRACE] Meta.Backend: using default local state only (no backend configuration, and no existing initialized backend)
2019/09/05 14:54:10 [TRACE] Meta.Backend: instantiated backend of type <nil>
2019/09/05 14:54:10 [DEBUG] checking for provider in "."
2019/09/05 14:54:10 [DEBUG] checking for provider in "/usr/bin"
2019/09/05 14:54:10 [DEBUG] checking for provider in ".terraform/plugins/linux_amd64"
2019/09/05 14:54:10 [DEBUG] found provider "terraform-provider-scaleway_v1.10.0_x4"
2019/09/05 14:54:10 [DEBUG] found valid plugin: "scaleway", "1.10.0", "/home/jantoth/Documents/scaleway/.terraform/plugins/linux_amd64/terraform-provider-scaleway_v1.10.0_x4"
2019/09/05 14:54:10 [DEBUG] checking for provisioner in "."
2019/09/05 14:54:10 [DEBUG] checking for provisioner in "/usr/bin"
2019/09/05 14:54:10 [DEBUG] checking for provisioner in ".terraform/plugins/linux_amd64"
2019/09/05 14:54:10 [TRACE] Meta.Backend: backend <nil> does not support operations, so wrapping it in a local backend
2019/09/05 14:54:10 [INFO] backend/local: starting Plan operation
2019/09/05 14:54:10 [TRACE] backend/local: requesting state manager for workspace "default"
2019/09/05 14:54:10 [TRACE] backend/local: state manager for workspace "default" will:
 - read initial snapshot from terraform.tfstate
 - write new snapshots to terraform.tfstate
 - create any backup at terraform.tfstate.backup
2019/09/05 14:54:10 [TRACE] backend/local: requesting state lock for workspace "default"
2019/09/05 14:54:10 [TRACE] statemgr.Filesystem: preparing to manage state snapshots at terraform.tfstate
2019/09/05 14:54:10 [TRACE] statemgr.Filesystem: existing snapshot has lineage "30407e7d-b0fd-14a5-b5ba-696939ea523a" serial 2
2019/09/05 14:54:10 [TRACE] statemgr.Filesystem: locking terraform.tfstate using fcntl flock
2019/09/05 14:54:10 [TRACE] statemgr.Filesystem: writing lock metadata to .terraform.tfstate.lock.info
2019/09/05 14:54:10 [TRACE] backend/local: reading remote state for workspace "default"
2019/09/05 14:54:10 [TRACE] statemgr.Filesystem: reading latest snapshot from terraform.tfstate
2019/09/05 14:54:10 [TRACE] statemgr.Filesystem: read snapshot with lineage "30407e7d-b0fd-14a5-b5ba-696939ea523a" serial 2
2019/09/05 14:54:10 [TRACE] backend/local: retrieving local state snapshot for workspace "default"
2019/09/05 14:54:10 [TRACE] backend/local: building context for current working directory
2019/09/05 14:54:10 [TRACE] terraform.NewContext: starting
2019/09/05 14:54:10 [TRACE] terraform.NewContext: resolving provider version selections
2019/09/05 14:54:10 [TRACE] terraform.NewContext: loading provider schemas
2019/09/05 14:54:10 [TRACE] LoadSchemas: retrieving schema for provider type "scaleway"
2019-09-05T14:54:10.924+0200 [INFO]  plugin: configuring client automatic mTLS
2019-09-05T14:54:10.950+0200 [DEBUG] plugin: starting plugin: path=/home/jantoth/Documents/scaleway/.terraform/plugins/linux_amd64/terraform-provider-scaleway_v1.10.0_x4 args=[/home/jantoth/Documents/scaleway/.terraform/plugins/linux_amd64/terraform-provider-scaleway_v1.10.0_x4]
2019-09-05T14:54:10.950+0200 [DEBUG] plugin: plugin started: path=/home/jantoth/Documents/scaleway/.terraform/plugins/linux_amd64/terraform-provider-scaleway_v1.10.0_x4 pid=9612
2019-09-05T14:54:10.950+0200 [DEBUG] plugin: waiting for RPC address: path=/home/jantoth/Documents/scaleway/.terraform/plugins/linux_amd64/terraform-provider-scaleway_v1.10.0_x4
2019-09-05T14:54:10.955+0200 [INFO]  plugin.terraform-provider-scaleway_v1.10.0_x4: configuring server automatic mTLS: timestamp=2019-09-05T14:54:10.955+0200
2019-09-05T14:54:10.981+0200 [DEBUG] plugin: using plugin: version=5
2019-09-05T14:54:10.981+0200 [DEBUG] plugin.terraform-provider-scaleway_v1.10.0_x4: plugin address: address=/tmp/plugin514773385 network=unix timestamp=2019-09-05T14:54:10.981+0200
2019/09/05 14:54:10 [TRACE] GRPCProvider: GetSchema
2019/09/05 14:54:11 [TRACE] GRPCProvider: Close
2019-09-05T14:54:11.038+0200 [DEBUG] plugin: plugin process exited: path=/home/jantoth/Documents/scaleway/.terraform/plugins/linux_amd64/terraform-provider-scaleway_v1.10.0_x4 pid=9612
2019-09-05T14:54:11.038+0200 [DEBUG] plugin: plugin exited
2019/09/05 14:54:11 [TRACE] terraform.NewContext: complete
2019/09/05 14:54:11 [TRACE] backend/local: finished building terraform.Context
2019/09/05 14:54:11 [TRACE] backend/local: requesting interactive input, if necessary
2019/09/05 14:54:11 [TRACE] Context.Input: Prompting for variables
2019/09/05 14:54:11 [TRACE] Context.Input: Prompting for provider arguments
2019/09/05 14:54:11 [TRACE] Context.Input: Provider provider.scaleway declared at main.tf:5,1-20
2019/09/05 14:54:11 [TRACE] Context.Input: Input for provider.scaleway: map[string]cty.Value{}
2019/09/05 14:54:11 [TRACE] backend/local: running validation operation
2019/09/05 14:54:11 [INFO] terraform: building graph: GraphTypeValidate
2019/09/05 14:54:11 [TRACE] Executing graph transform *terraform.ConfigTransformer
2019/09/05 14:54:11 [TRACE] ConfigTransformer: Starting for path: 
2019/09/05 14:54:11 [TRACE] Completed graph transform *terraform.ConfigTransformer with new graph:
data.scaleway_image.generic - *terraform.NodeValidatableResource
------
2019/09/05 14:54:11 [TRACE] Executing graph transform *terraform.LocalTransformer
2019/09/05 14:54:11 [TRACE] Completed graph transform *terraform.LocalTransformer (no changes)
2019/09/05 14:54:11 [TRACE] Executing graph transform *terraform.OutputTransformer
2019/09/05 14:54:11 [TRACE] Completed graph transform *terraform.OutputTransformer (no changes)
2019/09/05 14:54:11 [TRACE] Executing graph transform *terraform.OrphanResourceInstanceTransformer
2019/09/05 14:54:11 [TRACE] OrphanResourceInstanceTransformer: adding single-instance orphan node for data.scaleway_image.debian_stretch
2019/09/05 14:54:11 [TRACE] Completed graph transform *terraform.OrphanResourceInstanceTransformer with new graph:
data.scaleway_image.debian_stretch - *terraform.NodeAbstractResourceInstance
data.scaleway_image.generic - *terraform.NodeValidatableResource
------
2019/09/05 14:54:11 [TRACE] Executing graph transform *terraform.StateTransformer
2019/09/05 14:54:11 [TRACE] StateTransformer: creating nodes for deposed instance objects only
2019/09/05 14:54:11 [TRACE] Completed graph transform *terraform.StateTransformer (no changes)
2019/09/05 14:54:11 [TRACE] Executing graph transform *terraform.OrphanOutputTransformer
2019/09/05 14:54:11 [TRACE] Completed graph transform *terraform.OrphanOutputTransformer with new graph:
data.scaleway_image.debian_stretch - *terraform.NodeAbstractResourceInstance
data.scaleway_image.generic - *terraform.NodeValidatableResource
output.id (orphan) - *terraform.NodeOutputOrphan
------
2019/09/05 14:54:11 [TRACE] Executing graph transform *terraform.AttachResourceConfigTransformer
2019/09/05 14:54:11 [TRACE] AttachResourceConfigTransformer: attaching to "data.scaleway_image.generic" (*terraform.NodeValidatableResource) config from hcl.Range{Filename:"main.tf", Start:hcl.Pos{Line:11, Column:1, Byte:172}, End:hcl.Pos{Line:11, Column:32, Byte:203}}
2019/09/05 14:54:11 [TRACE] Completed graph transform *terraform.AttachResourceConfigTransformer (no changes)
2019/09/05 14:54:11 [TRACE] Executing graph transform *terraform.AttachStateTransformer
2019/09/05 14:54:11 [TRACE] Completed graph transform *terraform.AttachStateTransformer (no changes)
2019/09/05 14:54:11 [TRACE] Executing graph transform *terraform.RootVariableTransformer
2019/09/05 14:54:11 [TRACE] Completed graph transform *terraform.RootVariableTransformer with new graph:
data.scaleway_image.debian_stretch - *terraform.NodeAbstractResourceInstance
data.scaleway_image.generic - *terraform.NodeValidatableResource
output.id (orphan) - *terraform.NodeOutputOrphan
var.scw_organization - *terraform.NodeRootVariable
var.scw_region - *terraform.NodeRootVariable
var.scw_token - *terraform.NodeRootVariable
------
2019/09/05 14:54:11 [TRACE] Executing graph transform *terraform.MissingProvisionerTransformer
2019/09/05 14:54:11 [TRACE] Completed graph transform *terraform.MissingProvisionerTransformer (no changes)
2019/09/05 14:54:11 [TRACE] Executing graph transform *terraform.ProvisionerTransformer
2019/09/05 14:54:11 [TRACE] Completed graph transform *terraform.ProvisionerTransformer (no changes)
2019/09/05 14:54:11 [TRACE] Executing graph transform *terraform.ModuleVariableTransformer
2019/09/05 14:54:11 [TRACE] Completed graph transform *terraform.ModuleVariableTransformer (no changes)
2019/09/05 14:54:11 [TRACE] Executing graph transform *terraform.graphTransformerMulti
2019/09/05 14:54:11 [TRACE] (graphTransformerMulti) Executing graph transform *terraform.ProviderConfigTransformer
2019/09/05 14:54:11 [TRACE] ProviderConfigTransformer: attaching to "provider.scaleway" provider configuration from main.tf:5,1-20
2019/09/05 14:54:11 [TRACE] (graphTransformerMulti) Completed graph transform *terraform.ProviderConfigTransformer with new graph:
data.scaleway_image.debian_stretch - *terraform.NodeAbstractResourceInstance
data.scaleway_image.generic - *terraform.NodeValidatableResource
output.id (orphan) - *terraform.NodeOutputOrphan
provider.scaleway - *terraform.NodeApplyableProvider
var.scw_organization - *terraform.NodeRootVariable
var.scw_region - *terraform.NodeRootVariable
var.scw_token - *terraform.NodeRootVariable
------
2019/09/05 14:54:11 [TRACE] (graphTransformerMulti) Executing graph transform *terraform.MissingProviderTransformer
2019/09/05 14:54:11 [TRACE] (graphTransformerMulti) Completed graph transform *terraform.MissingProviderTransformer (no changes)
2019/09/05 14:54:11 [TRACE] (graphTransformerMulti) Executing graph transform *terraform.ProviderTransformer
2019/09/05 14:54:11 [TRACE] ProviderTransformer: data.scaleway_image.generic is provided by provider.scaleway or inherited equivalent
2019/09/05 14:54:11 [TRACE] ProviderTransformer: data.scaleway_image.debian_stretch is provided by provider.scaleway exactly
2019/09/05 14:54:11 [TRACE] ProviderTransformer: exact match for provider.scaleway serving data.scaleway_image.generic
2019/09/05 14:54:11 [DEBUG] ProviderTransformer: "data.scaleway_image.generic" (*terraform.NodeValidatableResource) needs provider.scaleway
2019/09/05 14:54:11 [TRACE] ProviderTransformer: exact match for provider.scaleway serving data.scaleway_image.debian_stretch
2019/09/05 14:54:11 [DEBUG] ProviderTransformer: "data.scaleway_image.debian_stretch" (*terraform.NodeAbstractResourceInstance) needs provider.scaleway
2019/09/05 14:54:11 [TRACE] (graphTransformerMulti) Completed graph transform *terraform.ProviderTransformer with new graph:
data.scaleway_image.debian_stretch - *terraform.NodeAbstractResourceInstance
  provider.scaleway - *terraform.NodeApplyableProvider
data.scaleway_image.generic - *terraform.NodeValidatableResource
  provider.scaleway - *terraform.NodeApplyableProvider
output.id (orphan) - *terraform.NodeOutputOrphan
provider.scaleway - *terraform.NodeApplyableProvider
var.scw_organization - *terraform.NodeRootVariable
var.scw_region - *terraform.NodeRootVariable
var.scw_token - *terraform.NodeRootVariable
------
2019/09/05 14:54:11 [TRACE] (graphTransformerMulti) Executing graph transform *terraform.PruneProviderTransformer
2019/09/05 14:54:11 [TRACE] (graphTransformerMulti) Completed graph transform *terraform.PruneProviderTransformer (no changes)
2019/09/05 14:54:11 [TRACE] (graphTransformerMulti) Executing graph transform *terraform.ParentProviderTransformer
2019/09/05 14:54:11 [TRACE] (graphTransformerMulti) Completed graph transform *terraform.ParentProviderTransformer (no changes)
2019/09/05 14:54:11 [TRACE] Completed graph transform *terraform.graphTransformerMulti with new graph:
data.scaleway_image.debian_stretch - *terraform.NodeAbstractResourceInstance
  provider.scaleway - *terraform.NodeApplyableProvider
data.scaleway_image.generic - *terraform.NodeValidatableResource
  provider.scaleway - *terraform.NodeApplyableProvider
output.id (orphan) - *terraform.NodeOutputOrphan
provider.scaleway - *terraform.NodeApplyableProvider
var.scw_organization - *terraform.NodeRootVariable
var.scw_region - *terraform.NodeRootVariable
var.scw_token - *terraform.NodeRootVariable
------
2019/09/05 14:54:11 [TRACE] Executing graph transform *terraform.RemovedModuleTransformer
2019/09/05 14:54:11 [TRACE] Completed graph transform *terraform.RemovedModuleTransformer (no changes)
2019/09/05 14:54:11 [TRACE] Executing graph transform *terraform.AttachSchemaTransformer
2019/09/05 14:54:11 [TRACE] AttachSchemaTransformer: attaching provider config schema to provider.scaleway
2019/09/05 14:54:11 [TRACE] AttachSchemaTransformer: attaching resource schema to data.scaleway_image.generic
2019/09/05 14:54:11 [TRACE] AttachSchemaTransformer: attaching resource schema to data.scaleway_image.debian_stretch
2019/09/05 14:54:11 [TRACE] Completed graph transform *terraform.AttachSchemaTransformer (no changes)
2019/09/05 14:54:11 [TRACE] Executing graph transform *terraform.ReferenceTransformer
2019/09/05 14:54:11 [DEBUG] ReferenceTransformer: "data.scaleway_image.generic" references: []
2019/09/05 14:54:11 [DEBUG] ReferenceTransformer: "data.scaleway_image.debian_stretch" references: []
2019/09/05 14:54:11 [DEBUG] ReferenceTransformer: "output.id (orphan)" references: []
2019/09/05 14:54:11 [DEBUG] ReferenceTransformer: "var.scw_organization" references: []
2019/09/05 14:54:11 [DEBUG] ReferenceTransformer: "var.scw_token" references: []
2019/09/05 14:54:11 [DEBUG] ReferenceTransformer: "var.scw_region" references: []
2019/09/05 14:54:11 [DEBUG] ReferenceTransformer: "provider.scaleway" references: [var.scw_token var.scw_organization var.scw_region]
2019/09/05 14:54:11 [TRACE] Completed graph transform *terraform.ReferenceTransformer with new graph:
data.scaleway_image.debian_stretch - *terraform.NodeAbstractResourceInstance
  provider.scaleway - *terraform.NodeApplyableProvider
data.scaleway_image.generic - *terraform.NodeValidatableResource
  provider.scaleway - *terraform.NodeApplyableProvider
output.id (orphan) - *terraform.NodeOutputOrphan
provider.scaleway - *terraform.NodeApplyableProvider
  var.scw_organization - *terraform.NodeRootVariable
  var.scw_region - *terraform.NodeRootVariable
  var.scw_token - *terraform.NodeRootVariable
var.scw_organization - *terraform.NodeRootVariable
var.scw_region - *terraform.NodeRootVariable
var.scw_token - *terraform.NodeRootVariable
------
2019/09/05 14:54:11 [TRACE] Executing graph transform *terraform.CountBoundaryTransformer
2019/09/05 14:54:11 [TRACE] Completed graph transform *terraform.CountBoundaryTransformer with new graph:
data.scaleway_image.debian_stretch - *terraform.NodeAbstractResourceInstance
  provider.scaleway - *terraform.NodeApplyableProvider
data.scaleway_image.generic - *terraform.NodeValidatableResource
  provider.scaleway - *terraform.NodeApplyableProvider
meta.count-boundary (EachMode fixup) - *terraform.NodeCountBoundary
  data.scaleway_image.debian_stretch - *terraform.NodeAbstractResourceInstance
  data.scaleway_image.generic - *terraform.NodeValidatableResource
  output.id (orphan) - *terraform.NodeOutputOrphan
  provider.scaleway - *terraform.NodeApplyableProvider
  var.scw_organization - *terraform.NodeRootVariable
  var.scw_region - *terraform.NodeRootVariable
  var.scw_token - *terraform.NodeRootVariable
output.id (orphan) - *terraform.NodeOutputOrphan
provider.scaleway - *terraform.NodeApplyableProvider
  var.scw_organization - *terraform.NodeRootVariable
  var.scw_region - *terraform.NodeRootVariable
  var.scw_token - *terraform.NodeRootVariable
var.scw_organization - *terraform.NodeRootVariable
var.scw_region - *terraform.NodeRootVariable
var.scw_token - *terraform.NodeRootVariable
------
2019/09/05 14:54:11 [TRACE] Executing graph transform *terraform.TargetsTransformer
2019/09/05 14:54:11 [TRACE] Completed graph transform *terraform.TargetsTransformer (no changes)
2019/09/05 14:54:11 [TRACE] Executing graph transform *terraform.ForcedCBDTransformer
2019/09/05 14:54:11 [TRACE] Completed graph transform *terraform.ForcedCBDTransformer (no changes)
2019/09/05 14:54:11 [TRACE] Executing graph transform *terraform.CloseProviderTransformer
2019/09/05 14:54:11 [TRACE] Completed graph transform *terraform.CloseProviderTransformer with new graph:
data.scaleway_image.debian_stretch - *terraform.NodeAbstractResourceInstance
  provider.scaleway - *terraform.NodeApplyableProvider
data.scaleway_image.generic - *terraform.NodeValidatableResource
  provider.scaleway - *terraform.NodeApplyableProvider
meta.count-boundary (EachMode fixup) - *terraform.NodeCountBoundary
  data.scaleway_image.debian_stretch - *terraform.NodeAbstractResourceInstance
  data.scaleway_image.generic - *terraform.NodeValidatableResource
  output.id (orphan) - *terraform.NodeOutputOrphan
  provider.scaleway - *terraform.NodeApplyableProvider
  var.scw_organization - *terraform.NodeRootVariable
  var.scw_region - *terraform.NodeRootVariable
  var.scw_token - *terraform.NodeRootVariable
output.id (orphan) - *terraform.NodeOutputOrphan
provider.scaleway - *terraform.NodeApplyableProvider
  var.scw_organization - *terraform.NodeRootVariable
  var.scw_region - *terraform.NodeRootVariable
  var.scw_token - *terraform.NodeRootVariable
provider.scaleway (close) - *terraform.graphNodeCloseProvider
  data.scaleway_image.debian_stretch - *terraform.NodeAbstractResourceInstance
  data.scaleway_image.generic - *terraform.NodeValidatableResource
  provider.scaleway - *terraform.NodeApplyableProvider
var.scw_organization - *terraform.NodeRootVariable
var.scw_region - *terraform.NodeRootVariable
var.scw_token - *terraform.NodeRootVariable
------
2019/09/05 14:54:11 [TRACE] Executing graph transform *terraform.CloseProvisionerTransformer
2019/09/05 14:54:11 [TRACE] Completed graph transform *terraform.CloseProvisionerTransformer (no changes)
2019/09/05 14:54:11 [TRACE] Executing graph transform *terraform.RootTransformer
2019/09/05 14:54:11 [TRACE] Completed graph transform *terraform.RootTransformer with new graph:
data.scaleway_image.debian_stretch - *terraform.NodeAbstractResourceInstance
  provider.scaleway - *terraform.NodeApplyableProvider
data.scaleway_image.generic - *terraform.NodeValidatableResource
  provider.scaleway - *terraform.NodeApplyableProvider
meta.count-boundary (EachMode fixup) - *terraform.NodeCountBoundary
  data.scaleway_image.debian_stretch - *terraform.NodeAbstractResourceInstance
  data.scaleway_image.generic - *terraform.NodeValidatableResource
  output.id (orphan) - *terraform.NodeOutputOrphan
  provider.scaleway - *terraform.NodeApplyableProvider
  var.scw_organization - *terraform.NodeRootVariable
  var.scw_region - *terraform.NodeRootVariable
  var.scw_token - *terraform.NodeRootVariable
output.id (orphan) - *terraform.NodeOutputOrphan
provider.scaleway - *terraform.NodeApplyableProvider
  var.scw_organization - *terraform.NodeRootVariable
  var.scw_region - *terraform.NodeRootVariable
  var.scw_token - *terraform.NodeRootVariable
provider.scaleway (close) - *terraform.graphNodeCloseProvider
  data.scaleway_image.debian_stretch - *terraform.NodeAbstractResourceInstance
  data.scaleway_image.generic - *terraform.NodeValidatableResource
  provider.scaleway - *terraform.NodeApplyableProvider
root - terraform.graphNodeRoot
  meta.count-boundary (EachMode fixup) - *terraform.NodeCountBoundary
  provider.scaleway (close) - *terraform.graphNodeCloseProvider
var.scw_organization - *terraform.NodeRootVariable
var.scw_region - *terraform.NodeRootVariable
var.scw_token - *terraform.NodeRootVariable
------
2019/09/05 14:54:11 [TRACE] Executing graph transform *terraform.TransitiveReductionTransformer
2019/09/05 14:54:11 [TRACE] Completed graph transform *terraform.TransitiveReductionTransformer with new graph:
data.scaleway_image.debian_stretch - *terraform.NodeAbstractResourceInstance
  provider.scaleway - *terraform.NodeApplyableProvider
data.scaleway_image.generic - *terraform.NodeValidatableResource
  provider.scaleway - *terraform.NodeApplyableProvider
meta.count-boundary (EachMode fixup) - *terraform.NodeCountBoundary
  data.scaleway_image.debian_stretch - *terraform.NodeAbstractResourceInstance
  data.scaleway_image.generic - *terraform.NodeValidatableResource
  output.id (orphan) - *terraform.NodeOutputOrphan
output.id (orphan) - *terraform.NodeOutputOrphan
provider.scaleway - *terraform.NodeApplyableProvider
  var.scw_organization - *terraform.NodeRootVariable
  var.scw_region - *terraform.NodeRootVariable
  var.scw_token - *terraform.NodeRootVariable
provider.scaleway (close) - *terraform.graphNodeCloseProvider
  data.scaleway_image.debian_stretch - *terraform.NodeAbstractResourceInstance
  data.scaleway_image.generic - *terraform.NodeValidatableResource
root - terraform.graphNodeRoot
  meta.count-boundary (EachMode fixup) - *terraform.NodeCountBoundary
  provider.scaleway (close) - *terraform.graphNodeCloseProvider
var.scw_organization - *terraform.NodeRootVariable
var.scw_region - *terraform.NodeRootVariable
var.scw_token - *terraform.NodeRootVariable
------
2019/09/05 14:54:11 [DEBUG] Starting graph walk: walkValidate
2019/09/05 14:54:11 [TRACE] dag/walk: updating graph
2019/09/05 14:54:11 [TRACE] dag/walk: added new vertex: "var.scw_organization"
2019/09/05 14:54:11 [TRACE] dag/walk: added new vertex: "data.scaleway_image.generic"
2019/09/05 14:54:11 [TRACE] dag/walk: added new vertex: "provider.scaleway (close)"
2019/09/05 14:54:11 [TRACE] dag/walk: added new vertex: "provider.scaleway"
2019/09/05 14:54:11 [TRACE] dag/walk: added new vertex: "meta.count-boundary (EachMode fixup)"
2019/09/05 14:54:11 [TRACE] dag/walk: added new vertex: "var.scw_region"
2019/09/05 14:54:11 [TRACE] dag/walk: added new vertex: "root"
2019/09/05 14:54:11 [TRACE] dag/walk: added new vertex: "data.scaleway_image.debian_stretch"
2019/09/05 14:54:11 [TRACE] dag/walk: added new vertex: "output.id (orphan)"
2019/09/05 14:54:11 [TRACE] dag/walk: added new vertex: "var.scw_token"
2019/09/05 14:54:11 [TRACE] dag/walk: added edge: "meta.count-boundary (EachMode fixup)" waiting on "output.id (orphan)"
2019/09/05 14:54:11 [TRACE] dag/walk: added edge: "provider.scaleway (close)" waiting on "data.scaleway_image.generic"
2019/09/05 14:54:11 [TRACE] dag/walk: added edge: "data.scaleway_image.generic" waiting on "provider.scaleway"
2019/09/05 14:54:11 [TRACE] dag/walk: added edge: "data.scaleway_image.debian_stretch" waiting on "provider.scaleway"
2019/09/05 14:54:11 [TRACE] dag/walk: added edge: "meta.count-boundary (EachMode fixup)" waiting on "data.scaleway_image.debian_stretch"
2019/09/05 14:54:11 [TRACE] dag/walk: added edge: "provider.scaleway" waiting on "var.scw_token"
2019/09/05 14:54:11 [TRACE] dag/walk: added edge: "provider.scaleway" waiting on "var.scw_organization"
2019/09/05 14:54:11 [TRACE] dag/walk: added edge: "provider.scaleway" waiting on "var.scw_region"
2019/09/05 14:54:11 [TRACE] dag/walk: added edge: "root" waiting on "provider.scaleway (close)"
2019/09/05 14:54:11 [TRACE] dag/walk: added edge: "root" waiting on "meta.count-boundary (EachMode fixup)"
2019/09/05 14:54:11 [TRACE] dag/walk: added edge: "meta.count-boundary (EachMode fixup)" waiting on "data.scaleway_image.generic"
2019/09/05 14:54:11 [TRACE] dag/walk: added edge: "provider.scaleway (close)" waiting on "data.scaleway_image.debian_stretch"
2019/09/05 14:54:11 [TRACE] dag/walk: dependencies changed for "root", sending new deps
2019/09/05 14:54:11 [TRACE] dag/walk: dependencies changed for "meta.count-boundary (EachMode fixup)", sending new deps
2019/09/05 14:54:11 [TRACE] dag/walk: dependencies changed for "provider.scaleway (close)", sending new deps
2019/09/05 14:54:11 [TRACE] dag/walk: dependencies changed for "data.scaleway_image.generic", sending new deps
2019/09/05 14:54:11 [TRACE] dag/walk: dependencies changed for "data.scaleway_image.debian_stretch", sending new deps
2019/09/05 14:54:11 [TRACE] dag/walk: dependencies changed for "provider.scaleway", sending new deps
2019/09/05 14:54:11 [TRACE] dag/walk: visiting "var.scw_region"
2019/09/05 14:54:11 [TRACE] vertex "var.scw_region": starting visit (*terraform.NodeRootVariable)
2019/09/05 14:54:11 [TRACE] vertex "var.scw_region": visit complete
2019/09/05 14:54:11 [TRACE] dag/walk: visiting "var.scw_organization"
2019/09/05 14:54:11 [TRACE] vertex "var.scw_organization": starting visit (*terraform.NodeRootVariable)
2019/09/05 14:54:11 [TRACE] vertex "var.scw_organization": visit complete
2019/09/05 14:54:11 [TRACE] dag/walk: visiting "output.id (orphan)"
2019/09/05 14:54:11 [TRACE] vertex "output.id (orphan)": starting visit (*terraform.NodeOutputOrphan)
2019/09/05 14:54:11 [TRACE] dag/walk: visiting "var.scw_token"
2019/09/05 14:54:11 [TRACE] vertex "var.scw_token": starting visit (*terraform.NodeRootVariable)
2019/09/05 14:54:11 [TRACE] vertex "var.scw_token": visit complete
2019/09/05 14:54:11 [TRACE] vertex "output.id (orphan)": evaluating
2019/09/05 14:54:11 [TRACE] [walkValidate] Entering eval tree: output.id (orphan)
2019/09/05 14:54:11 [TRACE] <root>: eval: terraform.EvalNoop
2019/09/05 14:54:11 [TRACE] [walkValidate] Exiting eval tree: output.id (orphan)
2019/09/05 14:54:11 [TRACE] dag/walk: visiting "provider.scaleway"
2019/09/05 14:54:11 [TRACE] vertex "output.id (orphan)": visit complete
2019/09/05 14:54:11 [TRACE] vertex "provider.scaleway": starting visit (*terraform.NodeApplyableProvider)
2019/09/05 14:54:11 [TRACE] vertex "provider.scaleway": evaluating
2019/09/05 14:54:11 [TRACE] [walkValidate] Entering eval tree: provider.scaleway
2019/09/05 14:54:11 [TRACE] <root>: eval: *terraform.EvalSequence
2019/09/05 14:54:11 [TRACE] <root>: eval: *terraform.EvalInitProvider
2019-09-05T14:54:11.040+0200 [INFO]  plugin: configuring client automatic mTLS
2019-09-05T14:54:11.066+0200 [DEBUG] plugin: starting plugin: path=/home/jantoth/Documents/scaleway/.terraform/plugins/linux_amd64/terraform-provider-scaleway_v1.10.0_x4 args=[/home/jantoth/Documents/scaleway/.terraform/plugins/linux_amd64/terraform-provider-scaleway_v1.10.0_x4]
2019-09-05T14:54:11.066+0200 [DEBUG] plugin: plugin started: path=/home/jantoth/Documents/scaleway/.terraform/plugins/linux_amd64/terraform-provider-scaleway_v1.10.0_x4 pid=9629
2019-09-05T14:54:11.066+0200 [DEBUG] plugin: waiting for RPC address: path=/home/jantoth/Documents/scaleway/.terraform/plugins/linux_amd64/terraform-provider-scaleway_v1.10.0_x4
2019-09-05T14:54:11.071+0200 [INFO]  plugin.terraform-provider-scaleway_v1.10.0_x4: configuring server automatic mTLS: timestamp=2019-09-05T14:54:11.071+0200
2019-09-05T14:54:11.098+0200 [DEBUG] plugin.terraform-provider-scaleway_v1.10.0_x4: plugin address: network=unix address=/tmp/plugin963863369 timestamp=2019-09-05T14:54:11.098+0200
2019-09-05T14:54:11.098+0200 [DEBUG] plugin: using plugin: version=5
2019/09/05 14:54:11 [TRACE] BuiltinEvalContext: Initialized "scaleway" provider for provider.scaleway
2019/09/05 14:54:11 [TRACE] <root>: eval: terraform.EvalNoop
2019/09/05 14:54:11 [TRACE] <root>: eval: *terraform.EvalOpFilter
2019/09/05 14:54:11 [TRACE] <root>: eval: *terraform.EvalSequence
2019/09/05 14:54:11 [TRACE] <root>: eval: *terraform.EvalGetProvider
2019/09/05 14:54:11 [TRACE] <root>: eval: *terraform.EvalValidateProvider
2019/09/05 14:54:11 [TRACE] buildProviderConfig for provider.scaleway: using explicit config only
2019/09/05 14:54:11 [TRACE] GRPCProvider: GetSchema
2019/09/05 14:54:11 [TRACE] GRPCProvider: PrepareProviderConfig
2019/09/05 14:54:11 [TRACE] <root>: eval: terraform.EvalNoop
2019/09/05 14:54:11 [TRACE] <root>: eval: terraform.EvalNoop
2019/09/05 14:54:11 [TRACE] [walkValidate] Exiting eval tree: provider.scaleway
2019/09/05 14:54:11 [TRACE] vertex "provider.scaleway": visit complete
2019/09/05 14:54:11 [TRACE] dag/walk: visiting "data.scaleway_image.generic"
2019/09/05 14:54:11 [TRACE] dag/walk: visiting "data.scaleway_image.debian_stretch"
2019/09/05 14:54:11 [TRACE] vertex "data.scaleway_image.generic": starting visit (*terraform.NodeValidatableResource)
2019/09/05 14:54:11 [TRACE] vertex "data.scaleway_image.debian_stretch": starting visit (*terraform.NodeAbstractResourceInstance)
2019/09/05 14:54:11 [TRACE] vertex "data.scaleway_image.generic": evaluating
2019/09/05 14:54:11 [TRACE] vertex "data.scaleway_image.debian_stretch": visit complete
2019/09/05 14:54:11 [TRACE] [walkValidate] Entering eval tree: data.scaleway_image.generic
2019/09/05 14:54:11 [TRACE] <root>: eval: *terraform.EvalSequence
2019/09/05 14:54:11 [TRACE] <root>: eval: *terraform.EvalGetProvider
2019/09/05 14:54:11 [TRACE] <root>: eval: *terraform.EvalValidateResource
2019/09/05 14:54:11 [TRACE] GRPCProvider: ValidateDataSourceConfig
2019/09/05 14:54:11 [TRACE] [walkValidate] Exiting eval tree: data.scaleway_image.generic
2019/09/05 14:54:11 [TRACE] vertex "data.scaleway_image.generic": visit complete
2019/09/05 14:54:11 [TRACE] dag/walk: visiting "provider.scaleway (close)"
2019/09/05 14:54:11 [TRACE] vertex "provider.scaleway (close)": starting visit (*terraform.graphNodeCloseProvider)
2019/09/05 14:54:11 [TRACE] dag/walk: visiting "meta.count-boundary (EachMode fixup)"
2019/09/05 14:54:11 [TRACE] vertex "provider.scaleway (close)": evaluating
2019/09/05 14:54:11 [TRACE] vertex "meta.count-boundary (EachMode fixup)": starting visit (*terraform.NodeCountBoundary)
2019/09/05 14:54:11 [TRACE] [walkValidate] Entering eval tree: provider.scaleway (close)
2019/09/05 14:54:11 [TRACE] vertex "meta.count-boundary (EachMode fixup)": evaluating
2019/09/05 14:54:11 [TRACE] <root>: eval: *terraform.EvalCloseProvider
2019/09/05 14:54:11 [TRACE] [walkValidate] Entering eval tree: meta.count-boundary (EachMode fixup)
2019/09/05 14:54:11 [TRACE] GRPCProvider: Close
2019/09/05 14:54:11 [TRACE] <root>: eval: *terraform.EvalCountFixZeroOneBoundaryGlobal
2019/09/05 14:54:11 [WARN] Not fixing up EachModes for data.scaleway_image.debian_stretch because it has no config
2019/09/05 14:54:11 [TRACE] [walkValidate] Exiting eval tree: meta.count-boundary (EachMode fixup)
2019/09/05 14:54:11 [TRACE] vertex "meta.count-boundary (EachMode fixup)": visit complete
2019-09-05T14:54:11.155+0200 [DEBUG] plugin: plugin process exited: path=/home/jantoth/Documents/scaleway/.terraform/plugins/linux_amd64/terraform-provider-scaleway_v1.10.0_x4 pid=9629
2019-09-05T14:54:11.155+0200 [DEBUG] plugin: plugin exited
2019/09/05 14:54:11 [TRACE] [walkValidate] Exiting eval tree: provider.scaleway (close)
2019/09/05 14:54:11 [TRACE] vertex "provider.scaleway (close)": visit complete
2019/09/05 14:54:11 [TRACE] dag/walk: visiting "root"
2019/09/05 14:54:11 [TRACE] vertex "root": starting visit (terraform.graphNodeRoot)
2019/09/05 14:54:11 [TRACE] vertex "root": visit complete
2019/09/05 14:54:11 [INFO] backend/local: plan calling Refresh
2019/09/05 14:54:11 [INFO] terraform: building graph: GraphTypeRefresh
2019/09/05 14:54:11 [TRACE] Executing graph transform *terraform.ConfigTransformer
2019/09/05 14:54:11 [TRACE] ConfigTransformer: Starting for path: 
2019/09/05 14:54:11 [TRACE] Completed graph transform *terraform.ConfigTransformer (no changes)
2019/09/05 14:54:11 [TRACE] Executing graph transform *terraform.ConfigTransformer
2019/09/05 14:54:11 [TRACE] ConfigTransformer: Starting for path: 
2019/09/05 14:54:11 [TRACE] Completed graph transform *terraform.ConfigTransformer with new graph:
data.scaleway_image.generic - *terraform.NodeRefreshableDataResource
------
2019/09/05 14:54:11 [TRACE] Executing graph transform *terraform.OrphanResourceInstanceTransformer
2019/09/05 14:54:11 [TRACE] OrphanResourceInstanceTransformer: adding single-instance orphan node for data.scaleway_image.debian_stretch
2019/09/05 14:54:11 [TRACE] Completed graph transform *terraform.OrphanResourceInstanceTransformer with new graph:
data.scaleway_image.debian_stretch - *terraform.NodeRefreshableManagedResourceInstance
data.scaleway_image.generic - *terraform.NodeRefreshableDataResource
------
2019/09/05 14:54:11 [TRACE] Executing graph transform *terraform.StateTransformer
2019/09/05 14:54:11 [TRACE] StateTransformer: creating nodes for deposed instance objects only
2019/09/05 14:54:11 [TRACE] Completed graph transform *terraform.StateTransformer (no changes)
2019/09/05 14:54:11 [TRACE] Executing graph transform *terraform.AttachStateTransformer
2019/09/05 14:54:11 [TRACE] Completed graph transform *terraform.AttachStateTransformer (no changes)
2019/09/05 14:54:11 [TRACE] Executing graph transform *terraform.AttachResourceConfigTransformer
2019/09/05 14:54:11 [TRACE] AttachResourceConfigTransformer: attaching to "data.scaleway_image.generic" (*terraform.NodeRefreshableDataResource) config from hcl.Range{Filename:"main.tf", Start:hcl.Pos{Line:11, Column:1, Byte:172}, End:hcl.Pos{Line:11, Column:32, Byte:203}}
2019/09/05 14:54:11 [TRACE] Completed graph transform *terraform.AttachResourceConfigTransformer (no changes)
2019/09/05 14:54:11 [TRACE] Executing graph transform *terraform.RootVariableTransformer
2019/09/05 14:54:11 [TRACE] Completed graph transform *terraform.RootVariableTransformer with new graph:
data.scaleway_image.debian_stretch - *terraform.NodeRefreshableManagedResourceInstance
data.scaleway_image.generic - *terraform.NodeRefreshableDataResource
var.scw_organization - *terraform.NodeRootVariable
var.scw_region - *terraform.NodeRootVariable
var.scw_token - *terraform.NodeRootVariable
------
2019/09/05 14:54:11 [TRACE] Executing graph transform *terraform.LocalTransformer
2019/09/05 14:54:11 [TRACE] Completed graph transform *terraform.LocalTransformer (no changes)
2019/09/05 14:54:11 [TRACE] Executing graph transform *terraform.OutputTransformer
2019/09/05 14:54:11 [TRACE] Completed graph transform *terraform.OutputTransformer (no changes)
2019/09/05 14:54:11 [TRACE] Executing graph transform *terraform.ModuleVariableTransformer
2019/09/05 14:54:11 [TRACE] Completed graph transform *terraform.ModuleVariableTransformer (no changes)
2019/09/05 14:54:11 [TRACE] Executing graph transform *terraform.graphTransformerMulti
2019/09/05 14:54:11 [TRACE] (graphTransformerMulti) Executing graph transform *terraform.ProviderConfigTransformer
2019/09/05 14:54:11 [TRACE] ProviderConfigTransformer: attaching to "provider.scaleway" provider configuration from main.tf:5,1-20
2019/09/05 14:54:11 [TRACE] (graphTransformerMulti) Completed graph transform *terraform.ProviderConfigTransformer with new graph:
data.scaleway_image.debian_stretch - *terraform.NodeRefreshableManagedResourceInstance
data.scaleway_image.generic - *terraform.NodeRefreshableDataResource
provider.scaleway - *terraform.NodeApplyableProvider
var.scw_organization - *terraform.NodeRootVariable
var.scw_region - *terraform.NodeRootVariable
var.scw_token - *terraform.NodeRootVariable
------
2019/09/05 14:54:11 [TRACE] (graphTransformerMulti) Executing graph transform *terraform.MissingProviderTransformer
2019/09/05 14:54:11 [TRACE] (graphTransformerMulti) Completed graph transform *terraform.MissingProviderTransformer (no changes)
2019/09/05 14:54:11 [TRACE] (graphTransformerMulti) Executing graph transform *terraform.ProviderTransformer
2019/09/05 14:54:11 [TRACE] ProviderTransformer: data.scaleway_image.generic is provided by provider.scaleway or inherited equivalent
2019/09/05 14:54:11 [TRACE] ProviderTransformer: data.scaleway_image.debian_stretch is provided by provider.scaleway exactly
2019/09/05 14:54:11 [TRACE] ProviderTransformer: exact match for provider.scaleway serving data.scaleway_image.generic
2019/09/05 14:54:11 [DEBUG] ProviderTransformer: "data.scaleway_image.generic" (*terraform.NodeRefreshableDataResource) needs provider.scaleway
2019/09/05 14:54:11 [TRACE] ProviderTransformer: exact match for provider.scaleway serving data.scaleway_image.debian_stretch
2019/09/05 14:54:11 [DEBUG] ProviderTransformer: "data.scaleway_image.debian_stretch" (*terraform.NodeRefreshableManagedResourceInstance) needs provider.scaleway
2019/09/05 14:54:11 [TRACE] (graphTransformerMulti) Completed graph transform *terraform.ProviderTransformer with new graph:
data.scaleway_image.debian_stretch - *terraform.NodeRefreshableManagedResourceInstance
  provider.scaleway - *terraform.NodeApplyableProvider
data.scaleway_image.generic - *terraform.NodeRefreshableDataResource
  provider.scaleway - *terraform.NodeApplyableProvider
provider.scaleway - *terraform.NodeApplyableProvider
var.scw_organization - *terraform.NodeRootVariable
var.scw_region - *terraform.NodeRootVariable
var.scw_token - *terraform.NodeRootVariable
------
2019/09/05 14:54:11 [TRACE] (graphTransformerMulti) Executing graph transform *terraform.PruneProviderTransformer
2019/09/05 14:54:11 [TRACE] (graphTransformerMulti) Completed graph transform *terraform.PruneProviderTransformer (no changes)
2019/09/05 14:54:11 [TRACE] (graphTransformerMulti) Executing graph transform *terraform.ParentProviderTransformer
2019/09/05 14:54:11 [TRACE] (graphTransformerMulti) Completed graph transform *terraform.ParentProviderTransformer (no changes)
2019/09/05 14:54:11 [TRACE] Completed graph transform *terraform.graphTransformerMulti with new graph:
data.scaleway_image.debian_stretch - *terraform.NodeRefreshableManagedResourceInstance
  provider.scaleway - *terraform.NodeApplyableProvider
data.scaleway_image.generic - *terraform.NodeRefreshableDataResource
  provider.scaleway - *terraform.NodeApplyableProvider
provider.scaleway - *terraform.NodeApplyableProvider
var.scw_organization - *terraform.NodeRootVariable
var.scw_region - *terraform.NodeRootVariable
var.scw_token - *terraform.NodeRootVariable
------
2019/09/05 14:54:11 [TRACE] Executing graph transform *terraform.AttachSchemaTransformer
2019/09/05 14:54:11 [TRACE] AttachSchemaTransformer: attaching resource schema to data.scaleway_image.generic
2019/09/05 14:54:11 [TRACE] AttachSchemaTransformer: attaching resource schema to data.scaleway_image.debian_stretch
2019/09/05 14:54:11 [TRACE] AttachSchemaTransformer: attaching provider config schema to provider.scaleway
2019/09/05 14:54:11 [TRACE] Completed graph transform *terraform.AttachSchemaTransformer (no changes)
2019/09/05 14:54:11 [TRACE] Executing graph transform *terraform.ReferenceTransformer
2019/09/05 14:54:11 [DEBUG] ReferenceTransformer: "data.scaleway_image.generic" references: []
2019/09/05 14:54:11 [DEBUG] ReferenceTransformer: "data.scaleway_image.debian_stretch" references: []
2019/09/05 14:54:11 [DEBUG] ReferenceTransformer: "var.scw_token" references: []
2019/09/05 14:54:11 [DEBUG] ReferenceTransformer: "var.scw_region" references: []
2019/09/05 14:54:11 [DEBUG] ReferenceTransformer: "var.scw_organization" references: []
2019/09/05 14:54:11 [DEBUG] ReferenceTransformer: "provider.scaleway" references: [var.scw_organization var.scw_region var.scw_token]
2019/09/05 14:54:11 [TRACE] Completed graph transform *terraform.ReferenceTransformer with new graph:
data.scaleway_image.debian_stretch - *terraform.NodeRefreshableManagedResourceInstance
  provider.scaleway - *terraform.NodeApplyableProvider
data.scaleway_image.generic - *terraform.NodeRefreshableDataResource
  provider.scaleway - *terraform.NodeApplyableProvider
provider.scaleway - *terraform.NodeApplyableProvider
  var.scw_organization - *terraform.NodeRootVariable
  var.scw_region - *terraform.NodeRootVariable
  var.scw_token - *terraform.NodeRootVariable
var.scw_organization - *terraform.NodeRootVariable
var.scw_region - *terraform.NodeRootVariable
var.scw_token - *terraform.NodeRootVariable
------
2019/09/05 14:54:11 [TRACE] Executing graph transform *terraform.TargetsTransformer
2019/09/05 14:54:11 [TRACE] Completed graph transform *terraform.TargetsTransformer (no changes)
2019/09/05 14:54:11 [TRACE] Executing graph transform *terraform.CloseProviderTransformer
2019/09/05 14:54:11 [TRACE] Completed graph transform *terraform.CloseProviderTransformer with new graph:
data.scaleway_image.debian_stretch - *terraform.NodeRefreshableManagedResourceInstance
  provider.scaleway - *terraform.NodeApplyableProvider
data.scaleway_image.generic - *terraform.NodeRefreshableDataResource
  provider.scaleway - *terraform.NodeApplyableProvider
provider.scaleway - *terraform.NodeApplyableProvider
  var.scw_organization - *terraform.NodeRootVariable
  var.scw_region - *terraform.NodeRootVariable
  var.scw_token - *terraform.NodeRootVariable
provider.scaleway (close) - *terraform.graphNodeCloseProvider
  data.scaleway_image.debian_stretch - *terraform.NodeRefreshableManagedResourceInstance
  data.scaleway_image.generic - *terraform.NodeRefreshableDataResource
  provider.scaleway - *terraform.NodeApplyableProvider
var.scw_organization - *terraform.NodeRootVariable
var.scw_region - *terraform.NodeRootVariable
var.scw_token - *terraform.NodeRootVariable
------
2019/09/05 14:54:11 [TRACE] Executing graph transform *terraform.RootTransformer
2019/09/05 14:54:11 [TRACE] Completed graph transform *terraform.RootTransformer (no changes)
2019/09/05 14:54:11 [TRACE] Executing graph transform *terraform.TransitiveReductionTransformer
2019/09/05 14:54:11 [TRACE] Completed graph transform *terraform.TransitiveReductionTransformer with new graph:
data.scaleway_image.debian_stretch - *terraform.NodeRefreshableManagedResourceInstance
  provider.scaleway - *terraform.NodeApplyableProvider
data.scaleway_image.generic - *terraform.NodeRefreshableDataResource
  provider.scaleway - *terraform.NodeApplyableProvider
provider.scaleway - *terraform.NodeApplyableProvider
  var.scw_organization - *terraform.NodeRootVariable
  var.scw_region - *terraform.NodeRootVariable
  var.scw_token - *terraform.NodeRootVariable
provider.scaleway (close) - *terraform.graphNodeCloseProvider
  data.scaleway_image.debian_stretch - *terraform.NodeRefreshableManagedResourceInstance
  data.scaleway_image.generic - *terraform.NodeRefreshableDataResource
var.scw_organization - *terraform.NodeRootVariable
var.scw_region - *terraform.NodeRootVariable
var.scw_token - *terraform.NodeRootVariable
------
2019/09/05 14:54:11 [DEBUG] Starting graph walk: walkRefresh
2019/09/05 14:54:11 [TRACE] dag/walk: updating graph
2019/09/05 14:54:11 [TRACE] dag/walk: added new vertex: "provider.scaleway"
2019/09/05 14:54:11 [TRACE] dag/walk: added new vertex: "provider.scaleway (close)"
2019/09/05 14:54:11 [TRACE] dag/walk: added new vertex: "data.scaleway_image.generic"
2019/09/05 14:54:11 [TRACE] dag/walk: added new vertex: "data.scaleway_image.debian_stretch"
2019/09/05 14:54:11 [TRACE] dag/walk: added new vertex: "var.scw_token"
2019/09/05 14:54:11 [TRACE] dag/walk: added new vertex: "var.scw_region"
2019/09/05 14:54:11 [TRACE] dag/walk: added new vertex: "var.scw_organization"
2019/09/05 14:54:11 [TRACE] dag/walk: added edge: "data.scaleway_image.generic" waiting on "provider.scaleway"
2019/09/05 14:54:11 [TRACE] dag/walk: added edge: "data.scaleway_image.debian_stretch" waiting on "provider.scaleway"
2019/09/05 14:54:11 [TRACE] dag/walk: added edge: "provider.scaleway" waiting on "var.scw_organization"
2019/09/05 14:54:11 [TRACE] dag/walk: added edge: "provider.scaleway" waiting on "var.scw_region"
2019/09/05 14:54:11 [TRACE] dag/walk: added edge: "provider.scaleway" waiting on "var.scw_token"
2019/09/05 14:54:11 [TRACE] dag/walk: added edge: "provider.scaleway (close)" waiting on "data.scaleway_image.generic"
2019/09/05 14:54:11 [TRACE] dag/walk: added edge: "provider.scaleway (close)" waiting on "data.scaleway_image.debian_stretch"
2019/09/05 14:54:11 [TRACE] dag/walk: dependencies changed for "provider.scaleway", sending new deps
2019/09/05 14:54:11 [TRACE] dag/walk: dependencies changed for "provider.scaleway (close)", sending new deps
2019/09/05 14:54:11 [TRACE] dag/walk: dependencies changed for "data.scaleway_image.generic", sending new deps
2019/09/05 14:54:11 [TRACE] dag/walk: dependencies changed for "data.scaleway_image.debian_stretch", sending new deps
2019/09/05 14:54:11 [TRACE] dag/walk: visiting "var.scw_token"
2019/09/05 14:54:11 [TRACE] vertex "var.scw_token": starting visit (*terraform.NodeRootVariable)
2019/09/05 14:54:11 [TRACE] vertex "var.scw_token": visit complete
2019/09/05 14:54:11 [TRACE] dag/walk: visiting "var.scw_region"
2019/09/05 14:54:11 [TRACE] vertex "var.scw_region": starting visit (*terraform.NodeRootVariable)
2019/09/05 14:54:11 [TRACE] vertex "var.scw_region": visit complete
2019/09/05 14:54:11 [TRACE] dag/walk: visiting "var.scw_organization"
2019/09/05 14:54:11 [TRACE] vertex "var.scw_organization": starting visit (*terraform.NodeRootVariable)
2019/09/05 14:54:11 [TRACE] vertex "var.scw_organization": visit complete
2019/09/05 14:54:11 [TRACE] dag/walk: visiting "provider.scaleway"
2019/09/05 14:54:11 [TRACE] vertex "provider.scaleway": starting visit (*terraform.NodeApplyableProvider)
2019/09/05 14:54:11 [TRACE] vertex "provider.scaleway": evaluating
2019/09/05 14:54:11 [TRACE] [walkRefresh] Entering eval tree: provider.scaleway
2019/09/05 14:54:11 [TRACE] <root>: eval: *terraform.EvalSequence
2019/09/05 14:54:11 [TRACE] <root>: eval: *terraform.EvalInitProvider
2019-09-05T14:54:11.156+0200 [INFO]  plugin: configuring client automatic mTLS
2019-09-05T14:54:11.189+0200 [DEBUG] plugin: starting plugin: path=/home/jantoth/Documents/scaleway/.terraform/plugins/linux_amd64/terraform-provider-scaleway_v1.10.0_x4 args=[/home/jantoth/Documents/scaleway/.terraform/plugins/linux_amd64/terraform-provider-scaleway_v1.10.0_x4]
2019-09-05T14:54:11.190+0200 [DEBUG] plugin: plugin started: path=/home/jantoth/Documents/scaleway/.terraform/plugins/linux_amd64/terraform-provider-scaleway_v1.10.0_x4 pid=9647
2019-09-05T14:54:11.190+0200 [DEBUG] plugin: waiting for RPC address: path=/home/jantoth/Documents/scaleway/.terraform/plugins/linux_amd64/terraform-provider-scaleway_v1.10.0_x4
2019-09-05T14:54:11.198+0200 [INFO]  plugin.terraform-provider-scaleway_v1.10.0_x4: configuring server automatic mTLS: timestamp=2019-09-05T14:54:11.198+0200
2019-09-05T14:54:11.235+0200 [DEBUG] plugin.terraform-provider-scaleway_v1.10.0_x4: plugin address: address=/tmp/plugin044612309 network=unix timestamp=2019-09-05T14:54:11.235+0200
2019-09-05T14:54:11.235+0200 [DEBUG] plugin: using plugin: version=5
2019/09/05 14:54:11 [TRACE] BuiltinEvalContext: Initialized "scaleway" provider for provider.scaleway
2019/09/05 14:54:11 [TRACE] <root>: eval: terraform.EvalNoop
2019/09/05 14:54:11 [TRACE] <root>: eval: terraform.EvalNoop
2019/09/05 14:54:11 [TRACE] <root>: eval: *terraform.EvalOpFilter
2019/09/05 14:54:11 [TRACE] <root>: eval: *terraform.EvalSequence
2019/09/05 14:54:11 [TRACE] <root>: eval: *terraform.EvalGetProvider
2019/09/05 14:54:11 [TRACE] <root>: eval: *terraform.EvalOpFilter
2019/09/05 14:54:11 [TRACE] <root>: eval: *terraform.EvalSequence
2019/09/05 14:54:11 [TRACE] <root>: eval: *terraform.EvalConfigProvider
2019/09/05 14:54:11 [TRACE] buildProviderConfig for provider.scaleway: using explicit config only
2019/09/05 14:54:11 [TRACE] GRPCProvider: GetSchema
2019/09/05 14:54:11 [TRACE] GRPCProvider: Configure
2019/09/05 14:54:12 [TRACE] [walkRefresh] Exiting eval tree: provider.scaleway
2019/09/05 14:54:12 [TRACE] vertex "provider.scaleway": visit complete
2019/09/05 14:54:12 [TRACE] dag/walk: visiting "data.scaleway_image.generic"
2019/09/05 14:54:12 [TRACE] vertex "data.scaleway_image.generic": starting visit (*terraform.NodeRefreshableDataResource)
2019/09/05 14:54:12 [TRACE] dag/walk: visiting "data.scaleway_image.debian_stretch"
2019/09/05 14:54:12 [TRACE] vertex "data.scaleway_image.generic": expanding dynamic subgraph
2019/09/05 14:54:12 [TRACE] vertex "data.scaleway_image.debian_stretch": starting visit (*terraform.NodeRefreshableManagedResourceInstance)
2019/09/05 14:54:12 [TRACE] Executing graph transform *terraform.ResourceCountTransformer
2019/09/05 14:54:12 [TRACE] vertex "data.scaleway_image.debian_stretch": evaluating
2019/09/05 14:54:12 [TRACE] [walkRefresh] Entering eval tree: data.scaleway_image.debian_stretch
2019/09/05 14:54:12 [TRACE] <root>: eval: *terraform.EvalSequence
2019/09/05 14:54:12 [TRACE] <root>: eval: *terraform.EvalGetProvider
2019/09/05 14:54:12 [TRACE] <root>: eval: *terraform.EvalWriteState
2019/09/05 14:54:12 [TRACE] Completed graph transform *terraform.ResourceCountTransformer with new graph:
data.scaleway_image.generic - *terraform.NodeRefreshableDataResourceInstance
------
2019/09/05 14:54:12 [TRACE] Executing graph transform *terraform.OrphanResourceCountTransformer
2019/09/05 14:54:12 [TRACE] Completed graph transform *terraform.OrphanResourceCountTransformer (no changes)
2019/09/05 14:54:12 [TRACE] Executing graph transform *terraform.AttachStateTransformer
2019/09/05 14:54:12 [DEBUG] Resource state not found for node "data.scaleway_image.generic", instance data.scaleway_image.generic
2019/09/05 14:54:12 [TRACE] Completed graph transform *terraform.AttachStateTransformer (no changes)
2019/09/05 14:54:12 [TRACE] Executing graph transform *terraform.TargetsTransformer
2019/09/05 14:54:12 [TRACE] Completed graph transform *terraform.TargetsTransformer (no changes)
2019/09/05 14:54:12 [TRACE] Executing graph transform *terraform.ReferenceTransformer
2019/09/05 14:54:12 [DEBUG] ReferenceTransformer: "data.scaleway_image.generic" references: []
2019/09/05 14:54:12 [TRACE] Completed graph transform *terraform.ReferenceTransformer (no changes)
2019/09/05 14:54:12 [TRACE] Executing graph transform *terraform.RootTransformer
2019/09/05 14:54:12 [TRACE] Completed graph transform *terraform.RootTransformer (no changes)
2019/09/05 14:54:12 [TRACE] vertex "data.scaleway_image.generic": entering dynamic subgraph
2019/09/05 14:54:12 [TRACE] dag/walk: updating graph
2019/09/05 14:54:12 [TRACE] dag/walk: added new vertex: "data.scaleway_image.generic"
2019/09/05 14:54:12 [TRACE] dag/walk: visiting "data.scaleway_image.generic"
2019/09/05 14:54:12 [TRACE] EvalWriteState: removing state object for data.scaleway_image.debian_stretch
2019/09/05 14:54:12 [TRACE] vertex "data.scaleway_image.generic": starting visit (*terraform.NodeRefreshableDataResourceInstance)
2019/09/05 14:54:12 [TRACE] [walkRefresh] Exiting eval tree: data.scaleway_image.debian_stretch
2019/09/05 14:54:12 [TRACE] vertex "data.scaleway_image.debian_stretch": visit complete
2019/09/05 14:54:12 [TRACE] vertex "data.scaleway_image.generic": evaluating
2019/09/05 14:54:12 [TRACE] [walkRefresh] Entering eval tree: data.scaleway_image.generic
2019/09/05 14:54:12 [TRACE] <root>: eval: *terraform.EvalSequence
2019/09/05 14:54:12 [TRACE] <root>: eval: *terraform.EvalGetProvider
2019/09/05 14:54:12 [TRACE] <root>: eval: *terraform.EvalWriteState
2019/09/05 14:54:12 [TRACE] EvalWriteState: removing state object for data.scaleway_image.generic
2019/09/05 14:54:12 [TRACE] <root>: eval: *terraform.EvalIf
2019/09/05 14:54:12 [TRACE] <root>: eval: terraform.EvalNoop
2019/09/05 14:54:12 [TRACE] <root>: eval: *terraform.EvalReadData
2019/09/05 14:54:12 [TRACE] EvalReadData: working on data.scaleway_image.generic
2019/09/05 14:54:12 [TRACE] Re-validating config for data.scaleway_image.generic
2019/09/05 14:54:12 [TRACE] GRPCProvider: ValidateDataSourceConfig
2019/09/05 14:54:12 [TRACE] EvalReadData: data.scaleway_image.generic configuration is complete, so reading from provider
2019/09/05 14:54:12 [TRACE] GRPCProvider: ReadDataSource
2019/09/05 14:54:16 [TRACE] dag/walk: vertex "provider.scaleway (close)" is waiting for "data.scaleway_image.generic"
2019-09-05T14:54:17.873+0200 [DEBUG] plugin.terraform-provider-scaleway_v1.10.0_x4: panic: runtime error: invalid memory address or nil pointer dereference
2019-09-05T14:54:17.873+0200 [DEBUG] plugin.terraform-provider-scaleway_v1.10.0_x4: [signal SIGSEGV: segmentation violation code=0x1 addr=0x0 pc=0xd5d88d]
2019-09-05T14:54:17.873+0200 [DEBUG] plugin.terraform-provider-scaleway_v1.10.0_x4: 
2019-09-05T14:54:17.873+0200 [DEBUG] plugin.terraform-provider-scaleway_v1.10.0_x4: goroutine 81 [running]:
2019-09-05T14:54:17.873+0200 [DEBUG] plugin.terraform-provider-scaleway_v1.10.0_x4: github.com/terraform-providers/terraform-provider-scaleway/scaleway.dataSourceScalewayImageRead(0xc000196b60, 0xde7e40, 0xc00055e178, 0xc000196b60, 0x0)
2019-09-05T14:54:17.873+0200 [DEBUG] plugin.terraform-provider-scaleway_v1.10.0_x4: 	/opt/teamcity-agent/work/5d79fe75d4460a2f/src/github.com/terraform-providers/terraform-provider-scaleway/scaleway/data_source_image.go:105 +0x2ed
2019-09-05T14:54:17.873+0200 [DEBUG] plugin.terraform-provider-scaleway_v1.10.0_x4: github.com/terraform-providers/terraform-provider-scaleway/vendor/github.com/hashicorp/terraform/helper/schema.(*Resource).ReadDataApply(0xc000180f00, 0xc0003c47c0, 0xde7e40, 0xc00055e178, 0xc0004390d0, 0x1, 0x0)
2019-09-05T14:54:17.873+0200 [DEBUG] plugin.terraform-provider-scaleway_v1.10.0_x4: 	/opt/teamcity-agent/work/5d79fe75d4460a2f/src/github.com/terraform-providers/terraform-provider-scaleway/vendor/github.com/hashicorp/terraform/helper/schema/resource.go:390 +0x88
2019-09-05T14:54:17.873+0200 [DEBUG] plugin.terraform-provider-scaleway_v1.10.0_x4: github.com/terraform-providers/terraform-provider-scaleway/vendor/github.com/hashicorp/terraform/helper/schema.(*Provider).ReadDataApply(0xc000181080, 0xc000407ac0, 0xc0003c47c0, 0xc0003c47c0, 0x0, 0x0)
2019-09-05T14:54:17.873+0200 [DEBUG] plugin.terraform-provider-scaleway_v1.10.0_x4: 	/opt/teamcity-agent/work/5d79fe75d4460a2f/src/github.com/terraform-providers/terraform-provider-scaleway/vendor/github.com/hashicorp/terraform/helper/schema/provider.go:442 +0x92
2019-09-05T14:54:17.873+0200 [DEBUG] plugin.terraform-provider-scaleway_v1.10.0_x4: github.com/terraform-providers/terraform-provider-scaleway/vendor/github.com/hashicorp/terraform/helper/plugin.(*GRPCProviderServer).ReadDataSource(0xc000178520, 0x11851a0, 0xc000441440, 0xc00014e400, 0xc000178520, 0xc0004413b0, 0xe93420)
2019-09-05T14:54:17.873+0200 [DEBUG] plugin.terraform-provider-scaleway_v1.10.0_x4: 	/opt/teamcity-agent/work/5d79fe75d4460a2f/src/github.com/terraform-providers/terraform-provider-scaleway/vendor/github.com/hashicorp/terraform/helper/plugin/grpc_provider.go:990 +0x499
2019-09-05T14:54:17.873+0200 [DEBUG] plugin.terraform-provider-scaleway_v1.10.0_x4: github.com/terraform-providers/terraform-provider-scaleway/vendor/github.com/hashicorp/terraform/internal/tfplugin5._Provider_ReadDataSource_Handler(0xf9c640, 0xc000178520, 0x11851a0, 0xc000441440, 0xc000010550, 0x0, 0x0, 0x0, 0xc0000ac280, 0x72)
2019-09-05T14:54:17.873+0200 [DEBUG] plugin.terraform-provider-scaleway_v1.10.0_x4: 	/opt/teamcity-agent/work/5d79fe75d4460a2f/src/github.com/terraform-providers/terraform-provider-scaleway/vendor/github.com/hashicorp/terraform/internal/tfplugin5/tfplugin5.pb.go:3055 +0x23e
2019-09-05T14:54:17.874+0200 [DEBUG] plugin.terraform-provider-scaleway_v1.10.0_x4: github.com/terraform-providers/terraform-provider-scaleway/vendor/google.golang.org/grpc.(*Server).processUnaryRPC(0xc000233080, 0x118b360, 0xc0004e8780, 0xc00015e200, 0xc000164ed0, 0x19e9d10, 0x0, 0x0, 0x0)
2019-09-05T14:54:17.874+0200 [DEBUG] plugin.terraform-provider-scaleway_v1.10.0_x4: 	/opt/teamcity-agent/work/5d79fe75d4460a2f/src/github.com/terraform-providers/terraform-provider-scaleway/vendor/google.golang.org/grpc/server.go:966 +0x4a2
2019-09-05T14:54:17.874+0200 [DEBUG] plugin.terraform-provider-scaleway_v1.10.0_x4: github.com/terraform-providers/terraform-provider-scaleway/vendor/google.golang.org/grpc.(*Server).handleStream(0xc000233080, 0x118b360, 0xc0004e8780, 0xc00015e200, 0x0)
2019-09-05T14:54:17.874+0200 [DEBUG] plugin.terraform-provider-scaleway_v1.10.0_x4: 	/opt/teamcity-agent/work/5d79fe75d4460a2f/src/github.com/terraform-providers/terraform-provider-scaleway/vendor/google.golang.org/grpc/server.go:1245 +0xd61
2019-09-05T14:54:17.874+0200 [DEBUG] plugin.terraform-provider-scaleway_v1.10.0_x4: github.com/terraform-providers/terraform-provider-scaleway/vendor/google.golang.org/grpc.(*Server).serveStreams.func1.1(0xc0001700d0, 0xc000233080, 0x118b360, 0xc0004e8780, 0xc00015e200)
2019-09-05T14:54:17.874+0200 [DEBUG] plugin.terraform-provider-scaleway_v1.10.0_x4: 	/opt/teamcity-agent/work/5d79fe75d4460a2f/src/github.com/terraform-providers/terraform-provider-scaleway/vendor/google.golang.org/grpc/server.go:685 +0x9f
2019-09-05T14:54:17.874+0200 [DEBUG] plugin.terraform-provider-scaleway_v1.10.0_x4: created by github.com/terraform-providers/terraform-provider-scaleway/vendor/google.golang.org/grpc.(*Server).serveStreams.func1
2019-09-05T14:54:17.874+0200 [DEBUG] plugin.terraform-provider-scaleway_v1.10.0_x4: 	/opt/teamcity-agent/work/5d79fe75d4460a2f/src/github.com/terraform-providers/terraform-provider-scaleway/vendor/google.golang.org/grpc/server.go:683 +0xa1
2019-09-05T14:54:17.877+0200 [DEBUG] plugin: plugin process exited: path=/home/jantoth/Documents/scaleway/.terraform/plugins/linux_amd64/terraform-provider-scaleway_v1.10.0_x4 pid=9647 error="exit status 2"
2019/09/05 14:54:17 [ERROR] <root>: eval: *terraform.EvalReadData, err: rpc error: code = Unavailable desc = transport is closing
2019/09/05 14:54:17 [ERROR] <root>: eval: *terraform.EvalSequence, err: rpc error: code = Unavailable desc = transport is closing
2019/09/05 14:54:17 [TRACE] [walkRefresh] Exiting eval tree: data.scaleway_image.generic
2019/09/05 14:54:17 [TRACE] vertex "data.scaleway_image.generic": visit complete
2019/09/05 14:54:17 [TRACE] vertex "data.scaleway_image.generic": dynamic subgraph encountered errors
2019/09/05 14:54:17 [TRACE] vertex "data.scaleway_image.generic": visit complete
2019/09/05 14:54:17 [TRACE] dag/walk: upstream of "provider.scaleway (close)" errored, so skipping
2019/09/05 14:54:17 [TRACE] statemgr.Filesystem: removing lock metadata file .terraform.tfstate.lock.info
2019/09/05 14:54:17 [TRACE] statemgr.Filesystem: unlocking terraform.tfstate using fcntl flock
2019-09-05T14:54:17.878+0200 [DEBUG] plugin: plugin exited
